<?xml version="1.0" encoding="UTF-8"?>
<!-- Generated by org.testng.reporters.JUnitReportReporter -->
<testsuite hostname="LAPTOP-1S7KVVBR" failures="0" tests="1" name="runner.Testrunner" time="12.930" errors="0" timestamp="2025-04-07T09:03:48 IST" skipped="0">
  <testcase classname="runner.Testrunner" name="runScenario" time="12.930"/>
</testsuite> <!-- runner.Testrunner -->
